<?xml version="1.0" encoding="UTF-8"?>
<!-- Generated by org.testng.reporters.JUnitReportReporter -->
<testsuite hostname="HYD-5CG05324LM" failures="0" tests="6" name="com.Mysql.dbTesting" time="0.000" errors="0" timestamp="2023-11-25T17:48:15 IST" skipped="6">
  <testcase classname="com.Mysql.dbTesting" name="createTable" time="0.000">
    <skipped/>
  </testcase> <!-- createTable -->
  <system-out/>
  <testcase classname="com.Mysql.dbTesting" name="insertTable" time="0.000">
    <skipped/>
  </testcase> <!-- insertTable -->
  <system-out/>
  <testcase classname="com.Mysql.dbTesting" name="findMaxPrice" time="0.000">
    <skipped/>
  </testcase> <!-- findMaxPrice -->
  <system-out/>
  <testcase classname="com.Mysql.dbTesting" name="findDuplicateRecord" time="0.000">
    <skipped/>
  </testcase> <!-- findDuplicateRecord -->
  <system-out/>
  <testcase classname="com.Mysql.dbTesting" name="findMostSoldProduct" time="0.000">
    <skipped/>
  </testcase> <!-- findMostSoldProduct -->
  <system-out/>
  <testcase classname="com.Mysql.dbTesting" name="findMostSoldProductByRegion" time="0.000">
    <skipped/>
  </testcase> <!-- findMostSoldProductByRegion -->
  <system-out/>
</testsuite> <!-- com.Mysql.dbTesting -->
