<?xml version="1.0" encoding="UTF-8"?>
<!-- Generated by org.testng.reporters.JUnitReportReporter -->
<testsuite hostname="HYD-5CG05324LM" failures="0" tests="5" name="com.Test.LoginTest" time="29.514" errors="0" timestamp="2023-11-25T17:57:45 IST" skipped="0">
  <testcase classname="com.Test.LoginTest" name="loginHappyFlow" time="24.171"/>
  <system-out/>
  <testcase classname="com.Test.LoginTest" name="invalidEmail" time="1.926"/>
  <system-out/>
  <testcase classname="com.Test.LoginTest" name="nullEmail" time="0.353"/>
  <system-out/>
  <testcase classname="com.Test.LoginTest" name="invalidPassword" time="2.760"/>
  <system-out/>
  <testcase classname="com.Test.LoginTest" name="nullPassword" time="0.304"/>
  <system-out/>
</testsuite> <!-- com.Test.LoginTest -->
