<?xml version="1.0" encoding="UTF-8"?>
<!-- Generated by org.testng.reporters.JUnitReportReporter -->
<testsuite hostname="HYD-5CG05324LM" failures="0" tests="5" name="com.Test.LoginTest" time="0.001" errors="0" timestamp="2023-11-25T17:48:15 IST" skipped="5">
  <testcase classname="com.Test.LoginTest" name="loginHappyFlow" time="0.000">
    <skipped/>
  </testcase> <!-- loginHappyFlow -->
  <system-out/>
  <testcase classname="com.Test.LoginTest" name="invalidEmail" time="0.000">
    <skipped/>
  </testcase> <!-- invalidEmail -->
  <system-out/>
  <testcase classname="com.Test.LoginTest" name="nullEmail" time="0.000">
    <skipped/>
  </testcase> <!-- nullEmail -->
  <system-out/>
  <testcase classname="com.Test.LoginTest" name="invalidPassword" time="0.001">
    <skipped/>
  </testcase> <!-- invalidPassword -->
  <system-out/>
  <testcase classname="com.Test.LoginTest" name="nullPassword" time="0.000">
    <skipped/>
  </testcase> <!-- nullPassword -->
  <system-out/>
</testsuite> <!-- com.Test.LoginTest -->
