<?xml version="1.0" encoding="UTF-8"?>
<!-- Generated by org.testng.reporters.JUnitReportReporter -->
<testsuite hostname="HYD-5CG05324LM" failures="0" tests="8" name="com.Test.RegistrationTest" time="9.548" errors="0" timestamp="2023-11-25T17:57:45 IST" skipped="0">
  <testcase classname="com.Test.RegistrationTest" name="registerHappyFlow" time="0.002"/>
  <system-out/>
  <testcase classname="com.Test.RegistrationTest" name="invalidEmail" time="1.369"/>
  <system-out/>
  <testcase classname="com.Test.RegistrationTest" name="nullPassword" time="0.799"/>
  <system-out/>
  <testcase classname="com.Test.RegistrationTest" name="passwordLengthTest" time="1.034"/>
  <system-out/>
  <testcase classname="com.Test.RegistrationTest" name="nullMobileNumber" time="0.707"/>
  <system-out/>
  <testcase classname="com.Test.RegistrationTest" name="invalidMobileNumber" time="0.878"/>
  <system-out/>
  <testcase classname="com.Test.RegistrationTest" name="nullCustomerName" time="0.838"/>
  <system-out/>
  <testcase classname="com.Test.RegistrationTest" name="existingEmail" time="3.921"/>
  <system-out/>
</testsuite> <!-- com.Test.RegistrationTest -->
