<?xml version="1.0" encoding="UTF-8"?>
<!-- Generated by org.testng.reporters.JUnitReportReporter -->
<testsuite hostname="HYD-5CG05324LM" failures="0" tests="10" name="com.Test.BuyItems" time="0.004" errors="0" timestamp="2023-11-25T17:48:15 IST" skipped="10">
  <testcase classname="com.Test.BuyItems" name="searchItem" time="0.000">
    <skipped/>
  </testcase> <!-- searchItem -->
  <system-out/>
  <testcase classname="com.Test.BuyItems" name="openProductPage" time="0.000">
    <skipped/>
  </testcase> <!-- openProductPage -->
  <system-out/>
  <testcase classname="com.Test.BuyItems" name="checkProductAvailability" time="0.000">
    <skipped/>
  </testcase> <!-- checkProductAvailability -->
  <system-out/>
  <testcase classname="com.Test.BuyItems" name="addToCart" time="0.001">
    <skipped/>
  </testcase> <!-- addToCart -->
  <system-out/>
  <testcase classname="com.Test.BuyItems" name="checkOut" time="0.000">
    <skipped/>
  </testcase> <!-- checkOut -->
  <system-out/>
  <testcase classname="com.Test.BuyItems" name="addShippingAddress" time="0.001">
    <skipped/>
  </testcase> <!-- addShippingAddress -->
  <system-out/>
  <testcase classname="com.Test.BuyItems" name="addPaymentMethod" time="0.000">
    <skipped/>
  </testcase> <!-- addPaymentMethod -->
  <system-out/>
  <testcase classname="com.Test.BuyItems" name="placeOrder" time="0.001">
    <skipped/>
  </testcase> <!-- placeOrder -->
  <system-out/>
  <testcase classname="com.Test.BuyItems" name="viewOrder" time="0.001">
    <skipped/>
  </testcase> <!-- viewOrder -->
  <system-out/>
  <testcase classname="com.Test.BuyItems" name="dowloadOrderInvoice" time="0.000">
    <skipped/>
  </testcase> <!-- dowloadOrderInvoice -->
  <system-out/>
</testsuite> <!-- com.Test.BuyItems -->
